<?xml version="1.0" encoding="UTF-8"?>
<testng-results ignored="0" total="1" passed="1" failed="0" skipped="0">
  <reporter-output>
  </reporter-output>
  <suite started-at="2023-03-31T15:56:01 IST" name="Default suite" finished-at="2023-03-31T15:57:08 IST" duration-ms="67498">
    <groups>
    </groups>
    <test started-at="2023-03-31T15:56:01 IST" name="Default test" finished-at="2023-03-31T15:57:08 IST" duration-ms="67498">
      <class name="testScripts.OmnfiyCreateClass">
        <test-method is-config="true" signature="openApp()[pri:0, instance:testScripts.OmnfiyCreateClass@7a69b07]" started-at="2023-03-31T15:56:01 IST" name="openApp" finished-at="2023-03-31T15:56:10 IST" duration-ms="9014" status="PASS">
          <reporter-output>
          </reporter-output>
        </test-method> <!-- openApp -->
        <test-method signature="testCaseCreateClass()[pri:0, instance:testScripts.OmnfiyCreateClass@7a69b07]" started-at="2023-03-31T15:56:10 IST" name="testCaseCreateClass" finished-at="2023-03-31T15:57:08 IST" duration-ms="58451" status="PASS">
          <reporter-output>
          </reporter-output>
        </test-method> <!-- testCaseCreateClass -->
        <test-method is-config="true" signature="closeApp()[pri:0, instance:testScripts.OmnfiyCreateClass@7a69b07]" started-at="2023-03-31T15:57:08 IST" name="closeApp" finished-at="2023-03-31T15:57:08 IST" duration-ms="0" status="PASS">
          <reporter-output>
          </reporter-output>
        </test-method> <!-- closeApp -->
      </class> <!-- testScripts.OmnfiyCreateClass -->
    </test> <!-- Default test -->
  </suite> <!-- Default suite -->
</testng-results>
